<?xml version="1.0" encoding="UTF-8" standalone="yes" ?>
<test-results name="C:\Users\Ryan\Documents\Embarcadero\Studio\Projects\BankServer\Win32\Debug\BankTestsProject.exe" total="6" errors="0" failures="0" ignored="0" inconclusive="0" not-run="0" skipped="0" invalid="0" date="2021-09-21" time="0.019">
  <culture-info current-culture="en" current-uiculture="en" />
  <test-suite type="Assembly" name="BankTestsProject.exe" executed="true" result="Success" success="True" time="0.019" asserts="0">
    <results>
        <test-suite type="Namespace" name="BankingTests" executed="true" result="Success" success="True" time="0.019" asserts="0" >
          <results>
              <test-suite type="Fixture" name="TBankingTests" executed="True" result="Success" success="True" time="0.019" >
                <results>
                  <test-case name="CanSuccessfully_CreateBankAccount.Case 1" executed="True" result="Success" success="True" time="0.000" asserts="0" />
                  <test-case name="CanSuccessfully_Deposit.Case 2" executed="True" result="Success" success="True" time="0.000" asserts="0" />
                  <test-case name="CanSuccessfully_Withdraw.Case 3" executed="True" result="Success" success="True" time="0.000" asserts="0" />
                  <test-case name="WillFail_OnOverdraw.Case 4" executed="True" result="Success" success="True" time="0.000" asserts="0" />
                  <test-case name="WillFail_OnNegativeDeposit.Case 5" executed="True" result="Success" success="True" time="0.000" asserts="0" />
                  <test-case name="CanSuccessfully_PrintStatment_WithAllTransactions.Case 6" executed="True" result="Success" success="True" time="0.001" asserts="0" />
                </results>
              </test-suite>
          </results>
        </test-suite>
    </results>
  </test-suite>
</test-results>
